<?xml version="1.0" encoding="UTF-8"?>
<coverage generated="1583156103096" clover="3.2.0">
  <project timestamp="1583156103096" name="All files">
    <metrics statements="1" coveredstatements="1" conditionals="0" coveredconditionals="0" methods="1" coveredmethods="1" elements="2" coveredelements="2" complexity="0" loc="1" ncloc="1" packages="1" files="1" classes="1"/>
    <file name="user.service.ts" path="/media/amgad/96973c16-c68d-4582-b85d-db9afba2204c1/courses/node/realprojects/mercavus_task/src/components/user/user.service.ts">
      <metrics statements="1" coveredstatements="1" conditionals="0" coveredconditionals="0" methods="1" coveredmethods="1"/>
      <line num="1" count="2" type="stmt"/>
    </file>
  </project>
</coverage>
