{"/media/amgad/96973c16-c68d-4582-b85d-db9afba2204c1/courses/node/realprojects/mercavus_task/src/components/user/user.service.ts": {"path":"/media/amgad/96973c16-c68d-4582-b85d-db9afba2204c1/courses/node/realprojects/mercavus_task/src/components/user/user.service.ts","statementMap":{"0":{"start":{"line":1,"column":13},"end":{"line":1,"column":null}},"1":{"start":{"line":1,"column":43},"end":{"line":1,"column":59}}},"fnMap":{"0":{"name":"(anonymous_0)","decl":{"start":{"line":1,"column":25},"end":{"line":1,"column":26}},"loc":{"start":{"line":1,"column":43},"end":{"line":1,"column":59}}}},"branchMap":{},"s":{"0":1,"1":2},"f":{"0":2},"b":{}}
}
